<!DOCTYPE html>
<html>
	<header>
		<title> Bingo: Home Page</title>
		<style>
			.button {
  				background-color: #4CAF50;
  				border: none;
  				color: white;
  				padding: 15px 32px;
  				text-align: center;
  				text-decoration: none;
  				display: inline-block;
  				font-size: 16px;
  				margin: 4px 2px;
  				cursor: pointer;
			}
		</style>
	</header>
	<body>
		<h2> <ul>Let's play Bingo</ul> </h2>
		<br>
		<form action="/admin" method="post">
			<div class="container">
			Enter Group's Name (e.g: Mark, Lina..):<br>
			<input id="groupname" name="groupname" type="txt" value ="Group Name"/>
			</div>
		        <br>
			<div class="container">
			Enter Secret Phrase (e.g: Rose, Lily..):<br>
			<input id="secretphrase" name="secretphrase" type="txt" value ="secret phrase"/>
			</div>
		        <br>
			<div>
			<button id="startbingo" class="button" type="submit">Start Bingo</button>
			</div>
		</form>
	</body>
</html>
